<?xml version="1.0" encoding="UTF-8"?>
<TestRun id="a51b53b6-a7bd-490e-bb10-545c79c58e10" name="sooner@SOONER-PC 2014-03-18 22:43:15" runUser="sooner-PC\sooner" xmlns="http://microsoft.com/schemas/VisualStudio/TeamTest/2010">
  <TestSettings name="Local" id="f79d8c8a-6d33-4e46-affa-699d85f5080a">
    <Description>These are default test settings for a local test run.</Description>
    <Deployment enabled="false" runDeploymentRoot="sooner_SOONER-PC 2014-03-18 22_43_15">
      <DeploymentItem filename="C:\Users\sooner\Documents\Visual Studio 2010\Projects\new2\WindowsFormsApplication1\WindowsFormsApplication1\bin\Debug\WindowsFormsApplication1.exe" />
    </Deployment>
    <Execution>
      <TestTypeSpecific />
      <AgentRule name="Execution Agents">
      </AgentRule>
    </Execution>
  </TestSettings>
  <Times creation="2014-03-18T22:43:15.6918516+08:00" queuing="2014-03-18T22:43:16.3288881+08:00" start="2014-03-18T22:43:16.3728906+08:00" finish="2014-03-18T22:43:17.2969435+08:00" />
  <ResultSummary outcome="Failed">
    <Counters total="1" executed="1" error="0" failed="1" timeout="0" aborted="0" inconclusive="0" passedButRunAborted="0" notRunnable="0" notExecuted="0" disconnected="0" warning="0" passed="0" completed="0" inProgress="0" pending="0" />
  </ResultSummary>
  <TestDefinitions>
    <UnitTest name="testCaseTest" storage="c:\users\sooner\documents\visual studio 2010\projects\new2\windowsformsapplication1\testproject1\bin\debug\testproject1.dll" id="7778aa8a-53b0-8ebf-d26e-b16e0c250899">
      <Execution id="391a7d90-a5d7-4130-9958-7c525a5fee5c" />
      <TestMethod codeBase="C:/Users/sooner/Documents/Visual Studio 2010/Projects/new2/WindowsFormsApplication1/TestProject1/bin/Debug/TestProject1.DLL" adapterTypeName="Microsoft.VisualStudio.TestTools.TestTypes.Unit.UnitTestAdapter, Microsoft.VisualStudio.QualityTools.Tips.UnitTest.Adapter, Version=10.0.0.0, Culture=neutral, PublicKeyToken=b03f5f7f11d50a3a" className="TestProject1.WordCreatorTest, TestProject1, Version=1.0.0.0, Culture=neutral, PublicKeyToken=null" name="testCaseTest" />
    </UnitTest>
  </TestDefinitions>
  <TestLists>
    <TestList name="Results Not in a List" id="8c84fa94-04c1-424b-9868-57a2d4851a1d" />
    <TestList name="All Loaded Results" id="19431567-8539-422a-85d7-44ee4e166bda" />
  </TestLists>
  <TestEntries>
    <TestEntry testId="7778aa8a-53b0-8ebf-d26e-b16e0c250899" executionId="391a7d90-a5d7-4130-9958-7c525a5fee5c" testListId="8c84fa94-04c1-424b-9868-57a2d4851a1d" />
  </TestEntries>
  <Results>
    <UnitTestResult executionId="391a7d90-a5d7-4130-9958-7c525a5fee5c" testId="7778aa8a-53b0-8ebf-d26e-b16e0c250899" testName="testCaseTest" computerName="SOONER-PC" duration="00:00:00.4752344" startTime="2014-03-18T22:43:16.3808911+08:00" endTime="2014-03-18T22:43:17.2349399+08:00" testType="13cdc9d9-ddb5-4fa4-a97d-d965ccfc6d4b" outcome="Failed" testListId="8c84fa94-04c1-424b-9868-57a2d4851a1d" relativeResultsDirectory="391a7d90-a5d7-4130-9958-7c525a5fee5c">
      <Output>
        <ErrorInfo>
          <Message>Test method TestProject1.WordCreatorTest.testCaseTest threw exception: 
System.Runtime.InteropServices.COMException: 抱歉，找不到您的文件。是否可能被移动、重命名或删除?</Message>
          <StackTrace>    at Microsoft.Office.Interop.Word.Documents.Add(Object&amp; Template, Object&amp; NewTemplate, Object&amp; DocumentType, Object&amp; Visible)
   at HKreporter.WordCreator.testCase() in C:\Users\sooner\Documents\Visual Studio 2010\Projects\new2\WindowsFormsApplication1\WindowsFormsApplication1\WordCreator.cs:line 64
   at TestProject1.WordCreatorTest.testCaseTest() in C:\Users\sooner\Documents\Visual Studio 2010\Projects\new2\WindowsFormsApplication1\TestProject1\WordCreatorTest.cs:line 74
</StackTrace>
        </ErrorInfo>
      </Output>
    </UnitTestResult>
  </Results>
</TestRun>