<?xml version="1.0" encoding="UTF-8"?>
<TestRun id="5308990a-caf6-4375-bb2f-ed4565e6aca8" name="sooner@SOONER-PC 2014-03-18 22:49:28" runUser="sooner-PC\sooner" xmlns="http://microsoft.com/schemas/VisualStudio/TeamTest/2010">
  <TestSettings name="Local" id="f79d8c8a-6d33-4e46-affa-699d85f5080a">
    <Description>These are default test settings for a local test run.</Description>
    <Deployment enabled="false" runDeploymentRoot="sooner_SOONER-PC 2014-03-18 22_49_28">
      <DeploymentItem filename="C:\Users\sooner\Documents\Visual Studio 2010\Projects\new2\WindowsFormsApplication1\WindowsFormsApplication1\bin\Debug\WindowsFormsApplication1.exe" />
    </Deployment>
    <Execution>
      <TestTypeSpecific />
      <AgentRule name="Execution Agents">
      </AgentRule>
    </Execution>
  </TestSettings>
  <Times creation="2014-03-18T22:49:28.9101985+08:00" queuing="2014-03-18T22:49:30.0662646+08:00" start="2014-03-18T22:49:30.2522753+08:00" finish="2014-03-18T22:50:42.0133798+08:00" />
  <ResultSummary outcome="Error">
    <Counters total="1" executed="1" error="0" failed="0" timeout="0" aborted="1" inconclusive="0" passedButRunAborted="0" notRunnable="0" notExecuted="0" disconnected="0" warning="0" passed="0" completed="0" inProgress="0" pending="0" />
    <RunInfos>
      <RunInfo computerName="SOONER-PC" outcome="Error" timestamp="2014-03-18T22:50:42.0103796+08:00">
        <Text>Test host process exited unexpectedly.</Text>
      </RunInfo>
    </RunInfos>
  </ResultSummary>
  <TestDefinitions>
    <UnitTest name="testCaseTest" storage="c:\users\sooner\documents\visual studio 2010\projects\new2\windowsformsapplication1\testproject1\bin\debug\testproject1.dll" id="7778aa8a-53b0-8ebf-d26e-b16e0c250899">
      <Execution id="e8a1a2ed-8b03-4a39-9f8b-6824f2d0635d" />
      <TestMethod codeBase="C:/Users/sooner/Documents/Visual Studio 2010/Projects/new2/WindowsFormsApplication1/TestProject1/bin/Debug/TestProject1.DLL" adapterTypeName="Microsoft.VisualStudio.TestTools.TestTypes.Unit.UnitTestAdapter, Microsoft.VisualStudio.QualityTools.Tips.UnitTest.Adapter, Version=10.0.0.0, Culture=neutral, PublicKeyToken=b03f5f7f11d50a3a" className="TestProject1.WordCreatorTest, TestProject1, Version=1.0.0.0, Culture=neutral, PublicKeyToken=null" name="testCaseTest" />
    </UnitTest>
  </TestDefinitions>
  <TestLists>
    <TestList name="Results Not in a List" id="8c84fa94-04c1-424b-9868-57a2d4851a1d" />
    <TestList name="All Loaded Results" id="19431567-8539-422a-85d7-44ee4e166bda" />
  </TestLists>
  <TestEntries>
    <TestEntry testId="7778aa8a-53b0-8ebf-d26e-b16e0c250899" executionId="e8a1a2ed-8b03-4a39-9f8b-6824f2d0635d" testListId="8c84fa94-04c1-424b-9868-57a2d4851a1d" />
  </TestEntries>
  <Results>
    <UnitTestResult executionId="e8a1a2ed-8b03-4a39-9f8b-6824f2d0635d" testId="7778aa8a-53b0-8ebf-d26e-b16e0c250899" testName="testCaseTest" computerName="SOONER-PC" duration="00:01:11.6320971" startTime="2014-03-18T22:49:30.3812827+08:00" endTime="2014-03-18T22:50:42.0133798+08:00" testType="13cdc9d9-ddb5-4fa4-a97d-d965ccfc6d4b" outcome="Aborted" testListId="8c84fa94-04c1-424b-9868-57a2d4851a1d" relativeResultsDirectory="e8a1a2ed-8b03-4a39-9f8b-6824f2d0635d">
    </UnitTestResult>
  </Results>
</TestRun>