<?xml version="1.0" encoding="UTF-8"?>
<TestRun id="c5df29d1-e627-4800-85c1-cdc384e7d81a" name="sooner@SOONER-PC 2014-03-18 22:51:43" runUser="sooner-PC\sooner" xmlns="http://microsoft.com/schemas/VisualStudio/TeamTest/2010">
  <TestSettings name="Local" id="f79d8c8a-6d33-4e46-affa-699d85f5080a">
    <Description>These are default test settings for a local test run.</Description>
    <Deployment enabled="false" runDeploymentRoot="sooner_SOONER-PC 2014-03-18 22_51_43">
      <DeploymentItem filename="C:\Users\sooner\Documents\Visual Studio 2010\Projects\new2\WindowsFormsApplication1\WindowsFormsApplication1\bin\Debug\WindowsFormsApplication1.exe" />
    </Deployment>
    <Execution>
      <TestTypeSpecific />
      <AgentRule name="Execution Agents">
      </AgentRule>
    </Execution>
  </TestSettings>
  <Times creation="2014-03-18T22:51:43.3208864+08:00" queuing="2014-03-18T22:51:44.4569513+08:00" start="2014-03-18T22:51:44.6439620+08:00" finish="2014-03-18T22:51:57.8597179+08:00" />
  <ResultSummary outcome="Error">
    <Counters total="1" executed="1" error="0" failed="0" timeout="0" aborted="1" inconclusive="0" passedButRunAborted="0" notRunnable="0" notExecuted="0" disconnected="0" warning="0" passed="0" completed="0" inProgress="0" pending="0" />
    <RunInfos>
      <RunInfo computerName="SOONER-PC" outcome="Error" timestamp="2014-03-18T22:51:57.8567178+08:00">
        <Text>Test host process exited unexpectedly.</Text>
      </RunInfo>
    </RunInfos>
  </ResultSummary>
  <TestDefinitions>
    <UnitTest name="testCaseTest" storage="c:\users\sooner\documents\visual studio 2010\projects\new2\windowsformsapplication1\testproject1\bin\debug\testproject1.dll" id="7778aa8a-53b0-8ebf-d26e-b16e0c250899">
      <Execution id="72f408b3-d0bb-49d1-882d-fa15a714e61b" />
      <TestMethod codeBase="C:/Users/sooner/Documents/Visual Studio 2010/Projects/new2/WindowsFormsApplication1/TestProject1/bin/Debug/TestProject1.DLL" adapterTypeName="Microsoft.VisualStudio.TestTools.TestTypes.Unit.UnitTestAdapter, Microsoft.VisualStudio.QualityTools.Tips.UnitTest.Adapter, Version=10.0.0.0, Culture=neutral, PublicKeyToken=b03f5f7f11d50a3a" className="TestProject1.WordCreatorTest, TestProject1, Version=1.0.0.0, Culture=neutral, PublicKeyToken=null" name="testCaseTest" />
    </UnitTest>
  </TestDefinitions>
  <TestLists>
    <TestList name="Results Not in a List" id="8c84fa94-04c1-424b-9868-57a2d4851a1d" />
    <TestList name="All Loaded Results" id="19431567-8539-422a-85d7-44ee4e166bda" />
  </TestLists>
  <TestEntries>
    <TestEntry testId="7778aa8a-53b0-8ebf-d26e-b16e0c250899" executionId="72f408b3-d0bb-49d1-882d-fa15a714e61b" testListId="8c84fa94-04c1-424b-9868-57a2d4851a1d" />
  </TestEntries>
  <Results>
    <UnitTestResult executionId="72f408b3-d0bb-49d1-882d-fa15a714e61b" testId="7778aa8a-53b0-8ebf-d26e-b16e0c250899" testName="testCaseTest" computerName="SOONER-PC" duration="00:00:13.0827483" startTime="2014-03-18T22:51:44.7759696+08:00" endTime="2014-03-18T22:51:57.8587179+08:00" testType="13cdc9d9-ddb5-4fa4-a97d-d965ccfc6d4b" outcome="Aborted" testListId="8c84fa94-04c1-424b-9868-57a2d4851a1d" relativeResultsDirectory="72f408b3-d0bb-49d1-882d-fa15a714e61b">
    </UnitTestResult>
  </Results>
</TestRun>